<?xml version="1.0" encoding="UTF-8"?>
<!-- Generated by org.testng.reporters.JUnitReportReporter -->
<testsuite skipped="0" hostname="Jubaer" name="basePage.Validate_Product_Checkout_Test" tests="1" failures="0" timestamp="2022-04-27T22:27:41 EDT" time="4.551" errors="0">
  <testcase name="validate_Product_Checkout_1" time="4.551" classname="basePage.Validate_Product_Checkout_Test"/>
  <system-out/>
</testsuite> <!-- basePage.Validate_Product_Checkout_Test -->
